Using pre-set license
Built from '2021.3/evg/staging/82bb020e-b03b1330/draft-0' branch; Version is '2021.3.16f1 (4016570cf34f) revision 4200023'; Using compiler version '192829333'; Build Type 'Release'
OS: 'Windows 10  (10.0.19044) 64bit Professional' Language: 'en' Physical Memory: 3783 MB
BatchMode: 1, IsHumanControllingUs: 0, StartBugReporterOnCrash: 0, Is64bit: 1, IsPro: 1

COMMAND LINE ARGUMENTS:
C:\Program Files\Unity\Hub\Editor\2021.3.16f1\Editor\Unity.exe
-adb2
-batchMode
-noUpm
-name
AssetImportWorker1
-projectPath
C:/Users/Medatsu/Documents/Rock Paper Scissor
-logFile
Logs/AssetImportWorker1.log
-srvPort
33637
Successfully changed project path to: C:/Users/Medatsu/Documents/Rock Paper Scissor
C:/Users/Medatsu/Documents/Rock Paper Scissor
[UnityMemory] Configuration Parameters - Can be set up in boot.config
    "memorysetup-bucket-allocator-granularity=16"
    "memorysetup-bucket-allocator-bucket-count=8"
    "memorysetup-bucket-allocator-block-size=33554432"
    "memorysetup-bucket-allocator-block-count=8"
    "memorysetup-main-allocator-block-size=16777216"
    "memorysetup-thread-allocator-block-size=16777216"
    "memorysetup-gfx-main-allocator-block-size=16777216"
    "memorysetup-gfx-thread-allocator-block-size=16777216"
    "memorysetup-cache-allocator-block-size=4194304"
    "memorysetup-typetree-allocator-block-size=2097152"
    "memorysetup-profiler-bucket-allocator-granularity=16"
    "memorysetup-profiler-bucket-allocator-bucket-count=8"
    "memorysetup-profiler-bucket-allocator-block-size=33554432"
    "memorysetup-profiler-bucket-allocator-block-count=8"
    "memorysetup-profiler-allocator-block-size=16777216"
    "memorysetup-profiler-editor-allocator-block-size=1048576"
    "memorysetup-temp-allocator-size-main=16777216"
    "memorysetup-job-temp-allocator-block-size=2097152"
    "memorysetup-job-temp-allocator-block-size-background=1048576"
    "memorysetup-job-temp-allocator-reduction-small-platforms=262144"
    "memorysetup-temp-allocator-size-background-worker=32768"
    "memorysetup-temp-allocator-size-job-worker=262144"
    "memorysetup-temp-allocator-size-preload-manager=33554432"
    "memorysetup-temp-allocator-size-nav-mesh-worker=65536"
    "memorysetup-temp-allocator-size-audio-worker=65536"
    "memorysetup-temp-allocator-size-cloud-worker=32768"
    "memorysetup-temp-allocator-size-gi-baking-worker=262144"
    "memorysetup-temp-allocator-size-gfx=262144"
Player connection [26584] Host "[IP] 192.168.100.4 [Port] 0 [Flags] 2 [Guid] 3373148353 [EditorId] 3373148353 [Version] 1048832 [Id] WindowsEditor(7,DESKTOP-KASAFM6) [Debug] 1 [PackageName] WindowsEditor [ProjectName] Editor" joined multi-casting on [225.0.0.222:54997]...

Player connection [26584] Host "[IP] 192.168.100.4 [Port] 0 [Flags] 2 [Guid] 3373148353 [EditorId] 3373148353 [Version] 1048832 [Id] WindowsEditor(7,DESKTOP-KASAFM6) [Debug] 1 [PackageName] WindowsEditor [ProjectName] Editor" joined alternative multi-casting on [225.0.0.222:34997]...

Refreshing native plugins compatible for Editor in 262.23 ms, found 3 plugins.
Preloading 0 native plugins for Editor in 0.00 ms.
Initialize engine version: 2021.3.16f1 (4016570cf34f)
[Subsystems] Discovering subsystems at path C:/Program Files/Unity/Hub/Editor/2021.3.16f1/Editor/Data/Resources/UnitySubsystems
[Subsystems] Discovering subsystems at path C:/Users/Medatsu/Documents/Rock Paper Scissor/Assets
GfxDevice: creating device client; threaded=0; jobified=0
Direct3D:
    Version:  Direct3D 11.0 [level 11.1]
    Renderer: Intel(R) HD Graphics Family (ID=0xa16)
    Vendor:   Intel
    VRAM:     1891 MB
    Driver:   20.19.15.4531
Initialize mono
Mono path[0] = 'C:/Program Files/Unity/Hub/Editor/2021.3.16f1/Editor/Data/Managed'
Mono path[1] = 'C:/Program Files/Unity/Hub/Editor/2021.3.16f1/Editor/Data/MonoBleedingEdge/lib/mono/unityjit-win32'
Mono config path = 'C:/Program Files/Unity/Hub/Editor/2021.3.16f1/Editor/Data/MonoBleedingEdge/etc'
Using monoOptions --debugger-agent=transport=dt_socket,embedding=1,server=y,suspend=n,address=127.0.0.1:56180
Begin MonoManager ReloadAssembly
Registering precompiled unity dll's ...
Register platform support module: C:/Program Files/Unity/Hub/Editor/2021.3.16f1/Editor/Data/PlaybackEngines/AndroidPlayer/UnityEditor.Android.Extensions.dll
Register platform support module: C:/Program Files/Unity/Hub/Editor/2021.3.16f1/Editor/Data/PlaybackEngines/WindowsStandaloneSupport/UnityEditor.WindowsStandalone.Extensions.dll
Registered in 0.024525 seconds.
Native extension for WindowsStandalone target not found
Native extension for Android target not found
Refreshing native plugins compatible for Editor in 217.42 ms, found 3 plugins.
Preloading 0 native plugins for Editor in 0.00 ms.
Mono: successfully reloaded assembly
- Completed reload, in  2.102 seconds
Domain Reload Profiling:
	ReloadAssembly (2107ms)
		BeginReloadAssembly (380ms)
			ExecutionOrderSort (0ms)
			DisableScriptedObjects (0ms)
			BackupInstance (0ms)
			ReleaseScriptingObjects (0ms)
			CreateAndSetChildDomain (4ms)
		EndReloadAssembly (1372ms)
			LoadAssemblies (360ms)
			RebuildTransferFunctionScriptingTraits (0ms)
			SetupTypeCache (297ms)
			ReleaseScriptCaches (0ms)
			RebuildScriptCaches (44ms)
			SetupLoadedEditorAssemblies (832ms)
				LogAssemblyErrors (0ms)
				InitializePlatformSupportModulesInManaged (227ms)
				SetLoadedEditorAssemblies (0ms)
				RefreshPlugins (218ms)
				BeforeProcessingInitializeOnLoad (2ms)
				ProcessInitializeOnLoadAttributes (241ms)
				ProcessInitializeOnLoadMethodAttributes (130ms)
				AfterProcessingInitializeOnLoad (0ms)
				EditorAssembliesLoaded (14ms)
			ExecutionOrderSort2 (0ms)
			AwakeInstancesAfterBackupRestoration (0ms)
Platform modules already initialized, skipping
Registering precompiled user dll's ...
Registered in 0.040175 seconds.
Android Extension - Scanning For ADB Devices 5721 ms
Begin MonoManager ReloadAssembly
Symbol file LoadedFromMemory doesn't match image C:\Users\Medatsu\Documents\Rock Paper Scissor\Library\PackageCache\com.unity.visualscripting@1.7.8\Editor\VisualScripting.Core\Dependencies\YamlDotNet\Unity.VisualScripting.YamlDotNet.dll
Symbol file LoadedFromMemory doesn't match image C:\Users\Medatsu\Documents\Rock Paper Scissor\Library\PackageCache\com.unity.visualscripting@1.7.8\Editor\VisualScripting.Core\Dependencies\DotNetZip\Unity.VisualScripting.IonicZip.dll
Native extension for WindowsStandalone target not found
Native extension for Android target not found
Refreshing native plugins compatible for Editor in 1.43 ms, found 3 plugins.
Preloading 0 native plugins for Editor in 0.00 ms.
Mono: successfully reloaded assembly
- Completed reload, in  3.234 seconds
Domain Reload Profiling:
	ReloadAssembly (3235ms)
		BeginReloadAssembly (268ms)
			ExecutionOrderSort (0ms)
			DisableScriptedObjects (11ms)
			BackupInstance (0ms)
			ReleaseScriptingObjects (0ms)
			CreateAndSetChildDomain (37ms)
		EndReloadAssembly (2571ms)
			LoadAssemblies (397ms)
			RebuildTransferFunctionScriptingTraits (0ms)
			SetupTypeCache (805ms)
			ReleaseScriptCaches (1ms)
			RebuildScriptCaches (254ms)
			SetupLoadedEditorAssemblies (890ms)
				LogAssemblyErrors (0ms)
				InitializePlatformSupportModulesInManaged (43ms)
				SetLoadedEditorAssemblies (1ms)
				RefreshPlugins (2ms)
				BeforeProcessingInitializeOnLoad (267ms)
				ProcessInitializeOnLoadAttributes (517ms)
				ProcessInitializeOnLoadMethodAttributes (48ms)
				AfterProcessingInitializeOnLoad (12ms)
				EditorAssembliesLoaded (0ms)
			ExecutionOrderSort2 (0ms)
			AwakeInstancesAfterBackupRestoration (9ms)
Platform modules already initialized, skipping
========================================================================
Worker process is ready to serve import requests
Launched and connected shader compiler UnityShaderCompiler.exe after 0.09 seconds
Refreshing native plugins compatible for Editor in 1.39 ms, found 3 plugins.
Preloading 0 native plugins for Editor in 0.00 ms.
Unloading 3431 Unused Serialized files (Serialized files now loaded: 0)
Unloading 29 unused Assets / (113.6 KB). Loaded Objects now: 3894.
Memory consumption went from 119.8 MB to 119.7 MB.
Total: 6.892800 ms (FindLiveObjects: 0.378800 ms CreateObjectMapping: 0.213200 ms MarkObjects: 5.877100 ms  DeleteObjects: 0.422300 ms)

AssetImportParameters requested are different than current active one (requested -> active):
  custom:video-decoder-ogg-theora: a1e56fd34408186e4bbccfd4996cb3dc -> 
  custom:container-muxer-webm: aa71ff27fc2769a1b78a27578f13a17b -> 
  custom:container-demuxer-webm: 4f35f7cbe854078d1ac9338744f61a02 -> 
  custom:video-encoder-webm-vp8: eb34c28f22e8b96e1ab97ce403110664 -> 
  custom:audio-encoder-webm-vorbis: bf7c407c2cedff20999df2af8eb42d56 -> 
  custom:framework-win-MediaFoundation: 216162199b28c13a410421893ffa2e32 -> 
  custom:container-demuxer-ogg: 62fdf1f143b41e24485cea50d1cbac27 -> 
  custom:video-decoder-webm-vp8: 9c59270c3fd7afecdb556c50c9e8de78 -> 
  custom:audio-decoder-ogg-vorbis: bf7c407c2cedff20999df2af8eb42d56 -> 
========================================================================
Received Import Request.
  Time since last request: 431485.584844 seconds.
  path: Assets/Arts
  artifactKey: Guid(95ab36f15ddbfc543bbf4ddb8f58f1ca) Importer(815301076,1909f56bfc062723c751e8b465ee728b)
Start importing Assets/Arts using Guid(95ab36f15ddbfc543bbf4ddb8f58f1ca) Importer(815301076,1909f56bfc062723c751e8b465ee728b)  -> (artifact id: '5d4c8215f461ef16814514bdbdeb810f') in 0.019714 seconds 
========================================================================
Received Import Request.
  Time since last request: 0.000032 seconds.
  path: Assets/Arts/uipack_rpg_sheet.png
  artifactKey: Guid(1fcd9daeaef05b24eaedde245f888575) Importer(815301076,1909f56bfc062723c751e8b465ee728b)
Start importing Assets/Arts/uipack_rpg_sheet.png using Guid(1fcd9daeaef05b24eaedde245f888575) Importer(815301076,1909f56bfc062723c751e8b465ee728b)  -> (artifact id: '7f892d3a47b7d08c793c99fd4e83bc42') in 0.134650 seconds 
========================================================================
Received Import Request.
  Time since last request: 34.313752 seconds.
  path: Assets/Arts/uipack_rpg_sheet.png
  artifactKey: Guid(1fcd9daeaef05b24eaedde245f888575) Importer(815301076,1909f56bfc062723c751e8b465ee728b)
Start importing Assets/Arts/uipack_rpg_sheet.png using Guid(1fcd9daeaef05b24eaedde245f888575) Importer(815301076,1909f56bfc062723c751e8b465ee728b)  -> (artifact id: 'ef92091d26f0f72995a5cf4031b9246d') in 0.023557 seconds 
========================================================================
Received Import Request.
  Time since last request: 319.384379 seconds.
  path: Assets/Arts/uipack_rpg_sheet.png
  artifactKey: Guid(1fcd9daeaef05b24eaedde245f888575) Importer(815301076,1909f56bfc062723c751e8b465ee728b)
Start importing Assets/Arts/uipack_rpg_sheet.png using Guid(1fcd9daeaef05b24eaedde245f888575) Importer(815301076,1909f56bfc062723c751e8b465ee728b)  -> (artifact id: '7f517b7ab7a69a33740872bc110fc586') in 0.113692 seconds 
========================================================================
Received Import Request.
  Time since last request: 337.819231 seconds.
  path: Assets/Arts/uipack_rpg_sheet.png
  artifactKey: Guid(1fcd9daeaef05b24eaedde245f888575) Importer(815301076,1909f56bfc062723c751e8b465ee728b)
Start importing Assets/Arts/uipack_rpg_sheet.png using Guid(1fcd9daeaef05b24eaedde245f888575) Importer(815301076,1909f56bfc062723c751e8b465ee728b)  -> (artifact id: '45c09869ffff80f43d03fe4227be678c') in 0.030605 seconds 
========================================================================
Received Import Request.
  Time since last request: 226.531800 seconds.
  path: Assets/Arts/uipack_rpg_sheet.png
  artifactKey: Guid(1fcd9daeaef05b24eaedde245f888575) Importer(815301076,1909f56bfc062723c751e8b465ee728b)
Start importing Assets/Arts/uipack_rpg_sheet.png using Guid(1fcd9daeaef05b24eaedde245f888575) Importer(815301076,1909f56bfc062723c751e8b465ee728b)  -> (artifact id: 'ef310fb874c634014b8e919781ee0f2a') in 0.031631 seconds 
========================================================================
Received Import Request.
  Time since last request: 276.896482 seconds.
  path: Assets/Arts/trees-and-bushes.png
  artifactKey: Guid(60d0f8d5353042e4d87d8fdad7fd7aec) Importer(815301076,1909f56bfc062723c751e8b465ee728b)
Start importing Assets/Arts/trees-and-bushes.png using Guid(60d0f8d5353042e4d87d8fdad7fd7aec) Importer(815301076,1909f56bfc062723c751e8b465ee728b)  -> (artifact id: '41b3679cbfd8a34f7bd3c940bd4bf03b') in 0.029124 seconds 
========================================================================
Received Import Request.
  Time since last request: 31.634931 seconds.
  path: Assets/Arts/trees-and-bushes.png
  artifactKey: Guid(60d0f8d5353042e4d87d8fdad7fd7aec) Importer(815301076,1909f56bfc062723c751e8b465ee728b)
Start importing Assets/Arts/trees-and-bushes.png using Guid(60d0f8d5353042e4d87d8fdad7fd7aec) Importer(815301076,1909f56bfc062723c751e8b465ee728b)  -> (artifact id: 'fa14ee992c10133c876b3bdef1b2c024') in 0.026838 seconds 
========================================================================
Received Import Request.
  Time since last request: 87.619126 seconds.
  path: Assets/Arts/trees-and-bushes.png
  artifactKey: Guid(60d0f8d5353042e4d87d8fdad7fd7aec) Importer(815301076,1909f56bfc062723c751e8b465ee728b)
Start importing Assets/Arts/trees-and-bushes.png using Guid(60d0f8d5353042e4d87d8fdad7fd7aec) Importer(815301076,1909f56bfc062723c751e8b465ee728b)  -> (artifact id: '743b3aae5a3bd8daeab3d65deeba353e') in 0.057999 seconds 
========================================================================
Received Prepare
Registering precompiled user dll's ...
Registered in 0.018513 seconds.
Begin MonoManager ReloadAssembly
Symbol file LoadedFromMemory doesn't match image C:\Users\Medatsu\Documents\Rock Paper Scissor\Library\PackageCache\com.unity.visualscripting@1.7.8\Editor\VisualScripting.Core\Dependencies\YamlDotNet\Unity.VisualScripting.YamlDotNet.dll
Symbol file LoadedFromMemory doesn't match image C:\Users\Medatsu\Documents\Rock Paper Scissor\Library\PackageCache\com.unity.visualscripting@1.7.8\Editor\VisualScripting.Core\Dependencies\DotNetZip\Unity.VisualScripting.IonicZip.dll
Native extension for WindowsStandalone target not found
Native extension for Android target not found
Refreshing native plugins compatible for Editor in 1.25 ms, found 3 plugins.
Preloading 0 native plugins for Editor in 0.00 ms.
Mono: successfully reloaded assembly
- Completed reload, in  3.431 seconds
Domain Reload Profiling:
	ReloadAssembly (3436ms)
		BeginReloadAssembly (1114ms)
			ExecutionOrderSort (0ms)
			DisableScriptedObjects (31ms)
			BackupInstance (0ms)
			ReleaseScriptingObjects (0ms)
			CreateAndSetChildDomain (458ms)
		EndReloadAssembly (2111ms)
			LoadAssemblies (482ms)
			RebuildTransferFunctionScriptingTraits (1ms)
			SetupTypeCache (722ms)
			ReleaseScriptCaches (4ms)
			RebuildScriptCaches (101ms)
			SetupLoadedEditorAssemblies (834ms)
				LogAssemblyErrors (0ms)
				InitializePlatformSupportModulesInManaged (43ms)
				SetLoadedEditorAssemblies (2ms)
				RefreshPlugins (1ms)
				BeforeProcessingInitializeOnLoad (176ms)
				ProcessInitializeOnLoadAttributes (416ms)
				ProcessInitializeOnLoadMethodAttributes (145ms)
				AfterProcessingInitializeOnLoad (49ms)
				EditorAssembliesLoaded (1ms)
			ExecutionOrderSort2 (0ms)
			AwakeInstancesAfterBackupRestoration (19ms)
Platform modules already initialized, skipping
Refreshing native plugins compatible for Editor in 7.83 ms, found 3 plugins.
Preloading 0 native plugins for Editor in 0.00 ms.
Unloading 3413 Unused Serialized files (Serialized files now loaded: 0)
Unloading 22 unused Assets / (80.1 KB). Loaded Objects now: 3916.
Memory consumption went from 122.7 MB to 122.6 MB.
Total: 5.787300 ms (FindLiveObjects: 0.378000 ms CreateObjectMapping: 0.330600 ms MarkObjects: 4.954800 ms  DeleteObjects: 0.122700 ms)

AssetImportParameters requested are different than current active one (requested -> active):
  custom:video-decoder-ogg-theora: a1e56fd34408186e4bbccfd4996cb3dc -> 
  custom:container-muxer-webm: aa71ff27fc2769a1b78a27578f13a17b -> 
  custom:container-demuxer-webm: 4f35f7cbe854078d1ac9338744f61a02 -> 
  custom:video-encoder-webm-vp8: eb34c28f22e8b96e1ab97ce403110664 -> 
  custom:audio-encoder-webm-vorbis: bf7c407c2cedff20999df2af8eb42d56 -> 
  custom:framework-win-MediaFoundation: 216162199b28c13a410421893ffa2e32 -> 
  custom:container-demuxer-ogg: 62fdf1f143b41e24485cea50d1cbac27 -> 
  custom:video-decoder-webm-vp8: 9c59270c3fd7afecdb556c50c9e8de78 -> 
  custom:audio-decoder-ogg-vorbis: bf7c407c2cedff20999df2af8eb42d56 -> 
========================================================================
Received Import Request.
  Time since last request: 347.417219 seconds.
  path: Assets/Arts/uipack_rpg_sheet.png
  artifactKey: Guid(1fcd9daeaef05b24eaedde245f888575) Importer(815301076,1909f56bfc062723c751e8b465ee728b)
Start importing Assets/Arts/uipack_rpg_sheet.png using Guid(1fcd9daeaef05b24eaedde245f888575) Importer(815301076,1909f56bfc062723c751e8b465ee728b)  -> (artifact id: 'c42f8a7a607e36f61e9a7ba7177ff7a0') in 0.158753 seconds 
========================================================================
Received Prepare
Registering precompiled user dll's ...
Registered in 0.021790 seconds.
Begin MonoManager ReloadAssembly
Symbol file LoadedFromMemory doesn't match image C:\Users\Medatsu\Documents\Rock Paper Scissor\Library\PackageCache\com.unity.visualscripting@1.7.8\Editor\VisualScripting.Core\Dependencies\YamlDotNet\Unity.VisualScripting.YamlDotNet.dll
Symbol file LoadedFromMemory doesn't match image C:\Users\Medatsu\Documents\Rock Paper Scissor\Library\PackageCache\com.unity.visualscripting@1.7.8\Editor\VisualScripting.Core\Dependencies\DotNetZip\Unity.VisualScripting.IonicZip.dll
Native extension for WindowsStandalone target not found
Native extension for Android target not found
Refreshing native plugins compatible for Editor in 1.17 ms, found 3 plugins.
Preloading 0 native plugins for Editor in 0.00 ms.
Mono: successfully reloaded assembly
- Completed reload, in 12.080 seconds
Domain Reload Profiling:
	ReloadAssembly (12084ms)
		BeginReloadAssembly (2959ms)
			ExecutionOrderSort (0ms)
			DisableScriptedObjects (105ms)
			BackupInstance (0ms)
			ReleaseScriptingObjects (5ms)
			CreateAndSetChildDomain (947ms)
		EndReloadAssembly (7446ms)
			LoadAssemblies (1891ms)
			RebuildTransferFunctionScriptingTraits (1ms)
			SetupTypeCache (4425ms)
			ReleaseScriptCaches (23ms)
			RebuildScriptCaches (712ms)
			SetupLoadedEditorAssemblies (1080ms)
				LogAssemblyErrors (0ms)
				InitializePlatformSupportModulesInManaged (110ms)
				SetLoadedEditorAssemblies (1ms)
				RefreshPlugins (1ms)
				BeforeProcessingInitializeOnLoad (128ms)
				ProcessInitializeOnLoadAttributes (718ms)
				ProcessInitializeOnLoadMethodAttributes (109ms)
				AfterProcessingInitializeOnLoad (13ms)
				EditorAssembliesLoaded (0ms)
			ExecutionOrderSort2 (0ms)
			AwakeInstancesAfterBackupRestoration (10ms)
Platform modules already initialized, skipping
Refreshing native plugins compatible for Editor in 17.50 ms, found 3 plugins.
Preloading 0 native plugins for Editor in 0.00 ms.
Unloading 3413 Unused Serialized files (Serialized files now loaded: 0)
Unloading 22 unused Assets / (80.2 KB). Loaded Objects now: 3921.
Memory consumption went from 122.7 MB to 122.6 MB.
Total: 4.791200 ms (FindLiveObjects: 0.335400 ms CreateObjectMapping: 0.197700 ms MarkObjects: 4.134200 ms  DeleteObjects: 0.122400 ms)

AssetImportParameters requested are different than current active one (requested -> active):
  custom:video-decoder-ogg-theora: a1e56fd34408186e4bbccfd4996cb3dc -> 
  custom:container-muxer-webm: aa71ff27fc2769a1b78a27578f13a17b -> 
  custom:container-demuxer-webm: 4f35f7cbe854078d1ac9338744f61a02 -> 
  custom:video-encoder-webm-vp8: eb34c28f22e8b96e1ab97ce403110664 -> 
  custom:audio-encoder-webm-vorbis: bf7c407c2cedff20999df2af8eb42d56 -> 
  custom:framework-win-MediaFoundation: 216162199b28c13a410421893ffa2e32 -> 
  custom:container-demuxer-ogg: 62fdf1f143b41e24485cea50d1cbac27 -> 
  custom:video-decoder-webm-vp8: 9c59270c3fd7afecdb556c50c9e8de78 -> 
  custom:audio-decoder-ogg-vorbis: bf7c407c2cedff20999df2af8eb42d56 -> 
========================================================================
Received Prepare
Registering precompiled user dll's ...
Registered in 0.009326 seconds.
Begin MonoManager ReloadAssembly
Symbol file LoadedFromMemory doesn't match image C:\Users\Medatsu\Documents\Rock Paper Scissor\Library\PackageCache\com.unity.visualscripting@1.7.8\Editor\VisualScripting.Core\Dependencies\YamlDotNet\Unity.VisualScripting.YamlDotNet.dll
Symbol file LoadedFromMemory doesn't match image C:\Users\Medatsu\Documents\Rock Paper Scissor\Library\PackageCache\com.unity.visualscripting@1.7.8\Editor\VisualScripting.Core\Dependencies\DotNetZip\Unity.VisualScripting.IonicZip.dll
Native extension for WindowsStandalone target not found
Native extension for Android target not found
Refreshing native plugins compatible for Editor in 1.17 ms, found 3 plugins.
Preloading 0 native plugins for Editor in 0.00 ms.
Mono: successfully reloaded assembly
- Completed reload, in  6.419 seconds
Domain Reload Profiling:
	ReloadAssembly (6420ms)
		BeginReloadAssembly (1083ms)
			ExecutionOrderSort (0ms)
			DisableScriptedObjects (13ms)
			BackupInstance (0ms)
			ReleaseScriptingObjects (0ms)
			CreateAndSetChildDomain (161ms)
		EndReloadAssembly (4117ms)
			LoadAssemblies (1288ms)
			RebuildTransferFunctionScriptingTraits (0ms)
			SetupTypeCache (2293ms)
			ReleaseScriptCaches (3ms)
			RebuildScriptCaches (229ms)
			SetupLoadedEditorAssemblies (703ms)
				LogAssemblyErrors (0ms)
				InitializePlatformSupportModulesInManaged (60ms)
				SetLoadedEditorAssemblies (1ms)
				RefreshPlugins (1ms)
				BeforeProcessingInitializeOnLoad (190ms)
				ProcessInitializeOnLoadAttributes (404ms)
				ProcessInitializeOnLoadMethodAttributes (37ms)
				AfterProcessingInitializeOnLoad (11ms)
				EditorAssembliesLoaded (0ms)
			ExecutionOrderSort2 (0ms)
			AwakeInstancesAfterBackupRestoration (10ms)
Platform modules already initialized, skipping
Refreshing native plugins compatible for Editor in 5.34 ms, found 3 plugins.
Preloading 0 native plugins for Editor in 0.00 ms.
Unloading 3413 Unused Serialized files (Serialized files now loaded: 0)
Unloading 22 unused Assets / (80.2 KB). Loaded Objects now: 3924.
Memory consumption went from 122.7 MB to 122.6 MB.
Total: 4.887200 ms (FindLiveObjects: 0.386600 ms CreateObjectMapping: 0.308800 ms MarkObjects: 4.068100 ms  DeleteObjects: 0.122100 ms)

AssetImportParameters requested are different than current active one (requested -> active):
  custom:video-decoder-ogg-theora: a1e56fd34408186e4bbccfd4996cb3dc -> 
  custom:container-muxer-webm: aa71ff27fc2769a1b78a27578f13a17b -> 
  custom:container-demuxer-webm: 4f35f7cbe854078d1ac9338744f61a02 -> 
  custom:video-encoder-webm-vp8: eb34c28f22e8b96e1ab97ce403110664 -> 
  custom:audio-encoder-webm-vorbis: bf7c407c2cedff20999df2af8eb42d56 -> 
  custom:framework-win-MediaFoundation: 216162199b28c13a410421893ffa2e32 -> 
  custom:container-demuxer-ogg: 62fdf1f143b41e24485cea50d1cbac27 -> 
  custom:video-decoder-webm-vp8: 9c59270c3fd7afecdb556c50c9e8de78 -> 
  custom:audio-decoder-ogg-vorbis: bf7c407c2cedff20999df2af8eb42d56 -> 
========================================================================
Received Prepare
Registering precompiled user dll's ...
Registered in 0.012942 seconds.
Begin MonoManager ReloadAssembly
Symbol file LoadedFromMemory doesn't match image C:\Users\Medatsu\Documents\Rock Paper Scissor\Library\PackageCache\com.unity.visualscripting@1.7.8\Editor\VisualScripting.Core\Dependencies\YamlDotNet\Unity.VisualScripting.YamlDotNet.dll
Symbol file LoadedFromMemory doesn't match image C:\Users\Medatsu\Documents\Rock Paper Scissor\Library\PackageCache\com.unity.visualscripting@1.7.8\Editor\VisualScripting.Core\Dependencies\DotNetZip\Unity.VisualScripting.IonicZip.dll
Native extension for WindowsStandalone target not found
Native extension for Android target not found
Refreshing native plugins compatible for Editor in 0.86 ms, found 3 plugins.
Preloading 0 native plugins for Editor in 0.00 ms.
Mono: successfully reloaded assembly
- Completed reload, in  4.040 seconds
Domain Reload Profiling:
	ReloadAssembly (4041ms)
		BeginReloadAssembly (274ms)
			ExecutionOrderSort (0ms)
			DisableScriptedObjects (12ms)
			BackupInstance (0ms)
			ReleaseScriptingObjects (0ms)
			CreateAndSetChildDomain (68ms)
		EndReloadAssembly (3563ms)
			LoadAssemblies (223ms)
			RebuildTransferFunctionScriptingTraits (0ms)
			SetupTypeCache (1730ms)
			ReleaseScriptCaches (18ms)
			RebuildScriptCaches (408ms)
			SetupLoadedEditorAssemblies (789ms)
				LogAssemblyErrors (0ms)
				InitializePlatformSupportModulesInManaged (45ms)
				SetLoadedEditorAssemblies (1ms)
				RefreshPlugins (1ms)
				BeforeProcessingInitializeOnLoad (157ms)
				ProcessInitializeOnLoadAttributes (533ms)
				ProcessInitializeOnLoadMethodAttributes (40ms)
				AfterProcessingInitializeOnLoad (12ms)
				EditorAssembliesLoaded (0ms)
			ExecutionOrderSort2 (0ms)
			AwakeInstancesAfterBackupRestoration (9ms)
Platform modules already initialized, skipping
Refreshing native plugins compatible for Editor in 5.57 ms, found 3 plugins.
Preloading 0 native plugins for Editor in 0.00 ms.
Unloading 3413 Unused Serialized files (Serialized files now loaded: 0)
Unloading 22 unused Assets / (80.2 KB). Loaded Objects now: 3927.
Memory consumption went from 122.7 MB to 122.6 MB.
Total: 7.041200 ms (FindLiveObjects: 0.354700 ms CreateObjectMapping: 0.182800 ms MarkObjects: 6.277300 ms  DeleteObjects: 0.224300 ms)

AssetImportParameters requested are different than current active one (requested -> active):
  custom:video-decoder-ogg-theora: a1e56fd34408186e4bbccfd4996cb3dc -> 
  custom:container-muxer-webm: aa71ff27fc2769a1b78a27578f13a17b -> 
  custom:container-demuxer-webm: 4f35f7cbe854078d1ac9338744f61a02 -> 
  custom:video-encoder-webm-vp8: eb34c28f22e8b96e1ab97ce403110664 -> 
  custom:audio-encoder-webm-vorbis: bf7c407c2cedff20999df2af8eb42d56 -> 
  custom:framework-win-MediaFoundation: 216162199b28c13a410421893ffa2e32 -> 
  custom:container-demuxer-ogg: 62fdf1f143b41e24485cea50d1cbac27 -> 
  custom:video-decoder-webm-vp8: 9c59270c3fd7afecdb556c50c9e8de78 -> 
  custom:audio-decoder-ogg-vorbis: bf7c407c2cedff20999df2af8eb42d56 -> 
========================================================================
Received Prepare
Registering precompiled user dll's ...
Registered in 0.009635 seconds.
Begin MonoManager ReloadAssembly
Symbol file LoadedFromMemory doesn't match image C:\Users\Medatsu\Documents\Rock Paper Scissor\Library\PackageCache\com.unity.visualscripting@1.7.8\Editor\VisualScripting.Core\Dependencies\YamlDotNet\Unity.VisualScripting.YamlDotNet.dll
Symbol file LoadedFromMemory doesn't match image C:\Users\Medatsu\Documents\Rock Paper Scissor\Library\PackageCache\com.unity.visualscripting@1.7.8\Editor\VisualScripting.Core\Dependencies\DotNetZip\Unity.VisualScripting.IonicZip.dll
Native extension for WindowsStandalone target not found
Native extension for Android target not found
Refreshing native plugins compatible for Editor in 1.26 ms, found 3 plugins.
Preloading 0 native plugins for Editor in 0.00 ms.
Mono: successfully reloaded assembly
- Completed reload, in  6.922 seconds
Domain Reload Profiling:
	ReloadAssembly (6924ms)
		BeginReloadAssembly (288ms)
			ExecutionOrderSort (0ms)
			DisableScriptedObjects (12ms)
			BackupInstance (0ms)
			ReleaseScriptingObjects (0ms)
			CreateAndSetChildDomain (64ms)
		EndReloadAssembly (6417ms)
			LoadAssemblies (226ms)
			RebuildTransferFunctionScriptingTraits (0ms)
			SetupTypeCache (2202ms)
			ReleaseScriptCaches (11ms)
			RebuildScriptCaches (502ms)
			SetupLoadedEditorAssemblies (2687ms)
				LogAssemblyErrors (0ms)
				InitializePlatformSupportModulesInManaged (160ms)
				SetLoadedEditorAssemblies (1ms)
				RefreshPlugins (1ms)
				BeforeProcessingInitializeOnLoad (531ms)
				ProcessInitializeOnLoadAttributes (1908ms)
				ProcessInitializeOnLoadMethodAttributes (68ms)
				AfterProcessingInitializeOnLoad (17ms)
				EditorAssembliesLoaded (0ms)
			ExecutionOrderSort2 (0ms)
			AwakeInstancesAfterBackupRestoration (12ms)
Platform modules already initialized, skipping
Refreshing native plugins compatible for Editor in 6.07 ms, found 3 plugins.
Preloading 0 native plugins for Editor in 0.00 ms.
Unloading 3413 Unused Serialized files (Serialized files now loaded: 0)
Unloading 22 unused Assets / (80.3 KB). Loaded Objects now: 3930.
Memory consumption went from 122.7 MB to 122.7 MB.
Total: 4.508500 ms (FindLiveObjects: 0.366900 ms CreateObjectMapping: 0.205200 ms MarkObjects: 3.801900 ms  DeleteObjects: 0.133200 ms)

AssetImportParameters requested are different than current active one (requested -> active):
  custom:video-decoder-ogg-theora: a1e56fd34408186e4bbccfd4996cb3dc -> 
  custom:container-muxer-webm: aa71ff27fc2769a1b78a27578f13a17b -> 
  custom:container-demuxer-webm: 4f35f7cbe854078d1ac9338744f61a02 -> 
  custom:video-encoder-webm-vp8: eb34c28f22e8b96e1ab97ce403110664 -> 
  custom:audio-encoder-webm-vorbis: bf7c407c2cedff20999df2af8eb42d56 -> 
  custom:framework-win-MediaFoundation: 216162199b28c13a410421893ffa2e32 -> 
  custom:container-demuxer-ogg: 62fdf1f143b41e24485cea50d1cbac27 -> 
  custom:video-decoder-webm-vp8: 9c59270c3fd7afecdb556c50c9e8de78 -> 
  custom:audio-decoder-ogg-vorbis: bf7c407c2cedff20999df2af8eb42d56 -> 
========================================================================
Received Prepare
Registering precompiled user dll's ...
Registered in 0.013065 seconds.
Begin MonoManager ReloadAssembly
Symbol file LoadedFromMemory doesn't match image C:\Users\Medatsu\Documents\Rock Paper Scissor\Library\PackageCache\com.unity.visualscripting@1.7.8\Editor\VisualScripting.Core\Dependencies\YamlDotNet\Unity.VisualScripting.YamlDotNet.dll
Symbol file LoadedFromMemory doesn't match image C:\Users\Medatsu\Documents\Rock Paper Scissor\Library\PackageCache\com.unity.visualscripting@1.7.8\Editor\VisualScripting.Core\Dependencies\DotNetZip\Unity.VisualScripting.IonicZip.dll
Native extension for WindowsStandalone target not found
Native extension for Android target not found
Refreshing native plugins compatible for Editor in 1.45 ms, found 3 plugins.
Preloading 0 native plugins for Editor in 0.00 ms.
Mono: successfully reloaded assembly
- Completed reload, in 11.656 seconds
Domain Reload Profiling:
	ReloadAssembly (11659ms)
		BeginReloadAssembly (279ms)
			ExecutionOrderSort (0ms)
			DisableScriptedObjects (11ms)
			BackupInstance (0ms)
			ReleaseScriptingObjects (0ms)
			CreateAndSetChildDomain (64ms)
		EndReloadAssembly (11183ms)
			LoadAssemblies (218ms)
			RebuildTransferFunctionScriptingTraits (0ms)
			SetupTypeCache (3114ms)
			ReleaseScriptCaches (30ms)
			RebuildScriptCaches (1595ms)
			SetupLoadedEditorAssemblies (4088ms)
				LogAssemblyErrors (0ms)
				InitializePlatformSupportModulesInManaged (357ms)
				SetLoadedEditorAssemblies (1ms)
				RefreshPlugins (2ms)
				BeforeProcessingInitializeOnLoad (759ms)
				ProcessInitializeOnLoadAttributes (2574ms)
				ProcessInitializeOnLoadMethodAttributes (298ms)
				AfterProcessingInitializeOnLoad (92ms)
				EditorAssembliesLoaded (6ms)
			ExecutionOrderSort2 (0ms)
			AwakeInstancesAfterBackupRestoration (73ms)
Platform modules already initialized, skipping
Refreshing native plugins compatible for Editor in 6.92 ms, found 3 plugins.
Preloading 0 native plugins for Editor in 0.00 ms.
Unloading 3413 Unused Serialized files (Serialized files now loaded: 0)
Unloading 22 unused Assets / (80.1 KB). Loaded Objects now: 3933.
Memory consumption went from 122.7 MB to 122.7 MB.
Total: 9.800100 ms (FindLiveObjects: 0.850500 ms CreateObjectMapping: 0.471300 ms MarkObjects: 8.274200 ms  DeleteObjects: 0.202200 ms)

AssetImportParameters requested are different than current active one (requested -> active):
  custom:video-decoder-ogg-theora: a1e56fd34408186e4bbccfd4996cb3dc -> 
  custom:container-muxer-webm: aa71ff27fc2769a1b78a27578f13a17b -> 
  custom:container-demuxer-webm: 4f35f7cbe854078d1ac9338744f61a02 -> 
  custom:video-encoder-webm-vp8: eb34c28f22e8b96e1ab97ce403110664 -> 
  custom:audio-encoder-webm-vorbis: bf7c407c2cedff20999df2af8eb42d56 -> 
  custom:framework-win-MediaFoundation: 216162199b28c13a410421893ffa2e32 -> 
  custom:container-demuxer-ogg: 62fdf1f143b41e24485cea50d1cbac27 -> 
  custom:video-decoder-webm-vp8: 9c59270c3fd7afecdb556c50c9e8de78 -> 
  custom:audio-decoder-ogg-vorbis: bf7c407c2cedff20999df2af8eb42d56 -> 
========================================================================
Received Prepare
Registering precompiled user dll's ...
Registered in 0.010258 seconds.
Begin MonoManager ReloadAssembly
Symbol file LoadedFromMemory doesn't match image C:\Users\Medatsu\Documents\Rock Paper Scissor\Library\PackageCache\com.unity.visualscripting@1.7.8\Editor\VisualScripting.Core\Dependencies\YamlDotNet\Unity.VisualScripting.YamlDotNet.dll
Symbol file LoadedFromMemory doesn't match image C:\Users\Medatsu\Documents\Rock Paper Scissor\Library\PackageCache\com.unity.visualscripting@1.7.8\Editor\VisualScripting.Core\Dependencies\DotNetZip\Unity.VisualScripting.IonicZip.dll
Native extension for WindowsStandalone target not found
Native extension for Android target not found
Refreshing native plugins compatible for Editor in 5.56 ms, found 3 plugins.
Preloading 0 native plugins for Editor in 0.00 ms.
Mono: successfully reloaded assembly
- Completed reload, in  6.001 seconds
Domain Reload Profiling:
	ReloadAssembly (6002ms)
		BeginReloadAssembly (260ms)
			ExecutionOrderSort (0ms)
			DisableScriptedObjects (12ms)
			BackupInstance (0ms)
			ReleaseScriptingObjects (0ms)
			CreateAndSetChildDomain (63ms)
		EndReloadAssembly (5522ms)
			LoadAssemblies (206ms)
			RebuildTransferFunctionScriptingTraits (0ms)
			SetupTypeCache (1938ms)
			ReleaseScriptCaches (13ms)
			RebuildScriptCaches (498ms)
			SetupLoadedEditorAssemblies (2034ms)
				LogAssemblyErrors (0ms)
				InitializePlatformSupportModulesInManaged (220ms)
				SetLoadedEditorAssemblies (12ms)
				RefreshPlugins (6ms)
				BeforeProcessingInitializeOnLoad (692ms)
				ProcessInitializeOnLoadAttributes (1044ms)
				ProcessInitializeOnLoadMethodAttributes (46ms)
				AfterProcessingInitializeOnLoad (14ms)
				EditorAssembliesLoaded (0ms)
			ExecutionOrderSort2 (0ms)
			AwakeInstancesAfterBackupRestoration (10ms)
Platform modules already initialized, skipping
Refreshing native plugins compatible for Editor in 8.99 ms, found 3 plugins.
Preloading 0 native plugins for Editor in 0.00 ms.
Unloading 3413 Unused Serialized files (Serialized files now loaded: 0)
Unloading 22 unused Assets / (80.3 KB). Loaded Objects now: 3936.
Memory consumption went from 122.8 MB to 122.7 MB.
Total: 9.309300 ms (FindLiveObjects: 0.416300 ms CreateObjectMapping: 0.521600 ms MarkObjects: 8.193800 ms  DeleteObjects: 0.175500 ms)

AssetImportParameters requested are different than current active one (requested -> active):
  custom:video-decoder-ogg-theora: a1e56fd34408186e4bbccfd4996cb3dc -> 
  custom:container-muxer-webm: aa71ff27fc2769a1b78a27578f13a17b -> 
  custom:container-demuxer-webm: 4f35f7cbe854078d1ac9338744f61a02 -> 
  custom:video-encoder-webm-vp8: eb34c28f22e8b96e1ab97ce403110664 -> 
  custom:audio-encoder-webm-vorbis: bf7c407c2cedff20999df2af8eb42d56 -> 
  custom:framework-win-MediaFoundation: 216162199b28c13a410421893ffa2e32 -> 
  custom:container-demuxer-ogg: 62fdf1f143b41e24485cea50d1cbac27 -> 
  custom:video-decoder-webm-vp8: 9c59270c3fd7afecdb556c50c9e8de78 -> 
  custom:audio-decoder-ogg-vorbis: bf7c407c2cedff20999df2af8eb42d56 -> 
========================================================================
Received Prepare
Registering precompiled user dll's ...
Registered in 0.011170 seconds.
Begin MonoManager ReloadAssembly
Symbol file LoadedFromMemory doesn't match image C:\Users\Medatsu\Documents\Rock Paper Scissor\Library\PackageCache\com.unity.visualscripting@1.7.8\Editor\VisualScripting.Core\Dependencies\YamlDotNet\Unity.VisualScripting.YamlDotNet.dll
Symbol file LoadedFromMemory doesn't match image C:\Users\Medatsu\Documents\Rock Paper Scissor\Library\PackageCache\com.unity.visualscripting@1.7.8\Editor\VisualScripting.Core\Dependencies\DotNetZip\Unity.VisualScripting.IonicZip.dll
Native extension for WindowsStandalone target not found
Native extension for Android target not found
Refreshing native plugins compatible for Editor in 10.98 ms, found 3 plugins.
Preloading 0 native plugins for Editor in 0.00 ms.
Mono: successfully reloaded assembly
- Completed reload, in  6.704 seconds
Domain Reload Profiling:
	ReloadAssembly (6707ms)
		BeginReloadAssembly (254ms)
			ExecutionOrderSort (0ms)
			DisableScriptedObjects (10ms)
			BackupInstance (0ms)
			ReleaseScriptingObjects (0ms)
			CreateAndSetChildDomain (70ms)
		EndReloadAssembly (6261ms)
			LoadAssemblies (184ms)
			RebuildTransferFunctionScriptingTraits (0ms)
			SetupTypeCache (1848ms)
			ReleaseScriptCaches (10ms)
			RebuildScriptCaches (522ms)
			SetupLoadedEditorAssemblies (3049ms)
				LogAssemblyErrors (0ms)
				InitializePlatformSupportModulesInManaged (221ms)
				SetLoadedEditorAssemblies (4ms)
				RefreshPlugins (12ms)
				BeforeProcessingInitializeOnLoad (702ms)
				ProcessInitializeOnLoadAttributes (2034ms)
				ProcessInitializeOnLoadMethodAttributes (61ms)
				AfterProcessingInitializeOnLoad (15ms)
				EditorAssembliesLoaded (1ms)
			ExecutionOrderSort2 (0ms)
			AwakeInstancesAfterBackupRestoration (29ms)
Platform modules already initialized, skipping
Refreshing native plugins compatible for Editor in 5.48 ms, found 3 plugins.
Preloading 0 native plugins for Editor in 0.00 ms.
Unloading 3413 Unused Serialized files (Serialized files now loaded: 0)
Unloading 22 unused Assets / (80.3 KB). Loaded Objects now: 3939.
Memory consumption went from 122.8 MB to 122.7 MB.
Total: 3.950400 ms (FindLiveObjects: 0.339500 ms CreateObjectMapping: 0.160300 ms MarkObjects: 3.327900 ms  DeleteObjects: 0.121300 ms)

AssetImportParameters requested are different than current active one (requested -> active):
  custom:video-decoder-ogg-theora: a1e56fd34408186e4bbccfd4996cb3dc -> 
  custom:container-muxer-webm: aa71ff27fc2769a1b78a27578f13a17b -> 
  custom:container-demuxer-webm: 4f35f7cbe854078d1ac9338744f61a02 -> 
  custom:video-encoder-webm-vp8: eb34c28f22e8b96e1ab97ce403110664 -> 
  custom:audio-encoder-webm-vorbis: bf7c407c2cedff20999df2af8eb42d56 -> 
  custom:framework-win-MediaFoundation: 216162199b28c13a410421893ffa2e32 -> 
  custom:container-demuxer-ogg: 62fdf1f143b41e24485cea50d1cbac27 -> 
  custom:video-decoder-webm-vp8: 9c59270c3fd7afecdb556c50c9e8de78 -> 
  custom:audio-decoder-ogg-vorbis: bf7c407c2cedff20999df2af8eb42d56 -> 
========================================================================
Received Import Request.
  Time since last request: 485.272508 seconds.
  path: Assets/Arts/uipack_rpg_sheet.png
  artifactKey: Guid(1fcd9daeaef05b24eaedde245f888575) Importer(815301076,1909f56bfc062723c751e8b465ee728b)
Start importing Assets/Arts/uipack_rpg_sheet.png using Guid(1fcd9daeaef05b24eaedde245f888575) Importer(815301076,1909f56bfc062723c751e8b465ee728b)  -> (artifact id: '13765161084bde7cc26b73d2efaf8951') in 87.854273 seconds 
========================================================================
Received Import Request.
  Time since last request: 231.408721 seconds.
  path: Assets/Scenes/Main.unity
  artifactKey: Guid(d3e83f5f570e7044b881b9bc84620683) Importer(815301076,1909f56bfc062723c751e8b465ee728b)
Start importing Assets/Scenes/Main.unity using Guid(d3e83f5f570e7044b881b9bc84620683) Importer(815301076,1909f56bfc062723c751e8b465ee728b)  -> (artifact id: '9a018be0ba0a5fd59dc12217cc0efaec') in 5.542684 seconds 
========================================================================
Received Import Request.
  Time since last request: 5.903169 seconds.
  path: Assets/Scenes/Main.unity
  artifactKey: Guid(d3e83f5f570e7044b881b9bc84620683) Importer(815301076,1909f56bfc062723c751e8b465ee728b)
Start importing Assets/Scenes/Main.unity using Guid(d3e83f5f570e7044b881b9bc84620683) Importer(815301076,1909f56bfc062723c751e8b465ee728b)  -> (artifact id: '9a018be0ba0a5fd59dc12217cc0efaec') in 0.412976 seconds 
========================================================================
Received Import Request.
  Time since last request: 180.444605 seconds.
  path: Assets/Arts/map_2.png
  artifactKey: Guid(b605416e43e7cf642ab4afb091b50c23) Importer(815301076,1909f56bfc062723c751e8b465ee728b)
Start importing Assets/Arts/map_2.png using Guid(b605416e43e7cf642ab4afb091b50c23) Importer(815301076,1909f56bfc062723c751e8b465ee728b)  -> (artifact id: '6ff4ab5238a779d9d81a64604c6bc643') in 0.106720 seconds 
========================================================================
Received Import Request.
  Time since last request: 17.051202 seconds.
  path: Assets/Arts/map_2.png
  artifactKey: Guid(b605416e43e7cf642ab4afb091b50c23) Importer(815301076,1909f56bfc062723c751e8b465ee728b)
Start importing Assets/Arts/map_2.png using Guid(b605416e43e7cf642ab4afb091b50c23) Importer(815301076,1909f56bfc062723c751e8b465ee728b)  -> (artifact id: '67a6e8037cde194089dece4342f16ec5') in 0.038697 seconds 
========================================================================
Received Import Request.
  Time since last request: 5.633596 seconds.
  path: Assets/Arts/map_2.png
  artifactKey: Guid(b605416e43e7cf642ab4afb091b50c23) Importer(815301076,1909f56bfc062723c751e8b465ee728b)
Start importing Assets/Arts/map_2.png using Guid(b605416e43e7cf642ab4afb091b50c23) Importer(815301076,1909f56bfc062723c751e8b465ee728b)  -> (artifact id: 'a32da3aac6f10c9f4a9eb45dec00bab1') in 0.074563 seconds 
========================================================================
Received Import Request.
  Time since last request: 140.571203 seconds.
  path: Assets/Arts/FB_IMG_1594899037173.jpg
  artifactKey: Guid(002209295ce3cf04f8664760a4ffec7b) Importer(815301076,1909f56bfc062723c751e8b465ee728b)
Start importing Assets/Arts/FB_IMG_1594899037173.jpg using Guid(002209295ce3cf04f8664760a4ffec7b) Importer(815301076,1909f56bfc062723c751e8b465ee728b)  -> (artifact id: 'c65d8b622643db34146ccb4dfc5796cb') in 0.137454 seconds 
========================================================================
Received Import Request.
  Time since last request: 13.493805 seconds.
  path: Assets/Arts/FB_IMG_1594899037173.jpg
  artifactKey: Guid(002209295ce3cf04f8664760a4ffec7b) Importer(815301076,1909f56bfc062723c751e8b465ee728b)
Start importing Assets/Arts/FB_IMG_1594899037173.jpg using Guid(002209295ce3cf04f8664760a4ffec7b) Importer(815301076,1909f56bfc062723c751e8b465ee728b)  -> (artifact id: 'a6255801a168dabff551e44b5d3c41db') in 0.068946 seconds 
========================================================================
Received Import Request.
  Time since last request: 4.081301 seconds.
  path: Assets/Arts/FB_IMG_1594899037173.jpg
  artifactKey: Guid(002209295ce3cf04f8664760a4ffec7b) Importer(815301076,1909f56bfc062723c751e8b465ee728b)
Start importing Assets/Arts/FB_IMG_1594899037173.jpg using Guid(002209295ce3cf04f8664760a4ffec7b) Importer(815301076,1909f56bfc062723c751e8b465ee728b)  -> (artifact id: '66c17c7feb02bd19db4418c6239c540e') in 0.172961 seconds 
========================================================================
Received Prepare
Registering precompiled user dll's ...
Registered in 0.010734 seconds.
Begin MonoManager ReloadAssembly
Symbol file LoadedFromMemory doesn't match image C:\Users\Medatsu\Documents\Rock Paper Scissor\Library\PackageCache\com.unity.visualscripting@1.7.8\Editor\VisualScripting.Core\Dependencies\YamlDotNet\Unity.VisualScripting.YamlDotNet.dll
Symbol file LoadedFromMemory doesn't match image C:\Users\Medatsu\Documents\Rock Paper Scissor\Library\PackageCache\com.unity.visualscripting@1.7.8\Editor\VisualScripting.Core\Dependencies\DotNetZip\Unity.VisualScripting.IonicZip.dll
Native extension for WindowsStandalone target not found
Native extension for Android target not found
Refreshing native plugins compatible for Editor in 6.56 ms, found 3 plugins.
Preloading 0 native plugins for Editor in 0.00 ms.
Mono: successfully reloaded assembly
- Completed reload, in 63.090 seconds
Domain Reload Profiling:
	ReloadAssembly (63140ms)
		BeginReloadAssembly (25677ms)
			ExecutionOrderSort (0ms)
			DisableScriptedObjects (3633ms)
			BackupInstance (0ms)
			ReleaseScriptingObjects (4ms)
			CreateAndSetChildDomain (10282ms)
		EndReloadAssembly (28558ms)
			LoadAssemblies (6277ms)
			RebuildTransferFunctionScriptingTraits (2ms)
			SetupTypeCache (9109ms)
			ReleaseScriptCaches (27ms)
			RebuildScriptCaches (1764ms)
			SetupLoadedEditorAssemblies (13993ms)
				LogAssemblyErrors (0ms)
				InitializePlatformSupportModulesInManaged (959ms)
				SetLoadedEditorAssemblies (17ms)
				RefreshPlugins (7ms)
				BeforeProcessingInitializeOnLoad (2973ms)
				ProcessInitializeOnLoadAttributes (8098ms)
				ProcessInitializeOnLoadMethodAttributes (1880ms)
				AfterProcessingInitializeOnLoad (58ms)
				EditorAssembliesLoaded (0ms)
			ExecutionOrderSort2 (0ms)
			AwakeInstancesAfterBackupRestoration (12ms)
Platform modules already initialized, skipping
Refreshing native plugins compatible for Editor in 10.36 ms, found 3 plugins.
Preloading 0 native plugins for Editor in 0.00 ms.
Unloading 3413 Unused Serialized files (Serialized files now loaded: 0)
Unloading 22 unused Assets / (80.3 KB). Loaded Objects now: 3948.
Memory consumption went from 122.9 MB to 122.9 MB.
Total: 9.973400 ms (FindLiveObjects: 0.745000 ms CreateObjectMapping: 0.910300 ms MarkObjects: 7.404100 ms  DeleteObjects: 0.912600 ms)

AssetImportParameters requested are different than current active one (requested -> active):
  custom:video-decoder-ogg-theora: a1e56fd34408186e4bbccfd4996cb3dc -> 
  custom:container-muxer-webm: aa71ff27fc2769a1b78a27578f13a17b -> 
  custom:container-demuxer-webm: 4f35f7cbe854078d1ac9338744f61a02 -> 
  custom:video-encoder-webm-vp8: eb34c28f22e8b96e1ab97ce403110664 -> 
  custom:audio-encoder-webm-vorbis: bf7c407c2cedff20999df2af8eb42d56 -> 
  custom:framework-win-MediaFoundation: 216162199b28c13a410421893ffa2e32 -> 
  custom:container-demuxer-ogg: 62fdf1f143b41e24485cea50d1cbac27 -> 
  custom:video-decoder-webm-vp8: 9c59270c3fd7afecdb556c50c9e8de78 -> 
  custom:audio-decoder-ogg-vorbis: bf7c407c2cedff20999df2af8eb42d56 -> 
========================================================================
Received Import Request.
  Time since last request: 498.952102 seconds.
  path: Assets/Arts/enemy_health_bar_preview.png
  artifactKey: Guid(bc0eb8d429b159142bc2977135e30348) Importer(815301076,1909f56bfc062723c751e8b465ee728b)
Start importing Assets/Arts/enemy_health_bar_preview.png using Guid(bc0eb8d429b159142bc2977135e30348) Importer(815301076,1909f56bfc062723c751e8b465ee728b)  -> (artifact id: '8e6c810f9c09a8a8af8829fd003be36f') in 1.774878 seconds 
========================================================================
Received Import Request.
  Time since last request: 176.184802 seconds.
  path: Assets/Arts/enemy_health_bar_001.png
  artifactKey: Guid(2e4358df7a043154795ca6582371f21d) Importer(815301076,1909f56bfc062723c751e8b465ee728b)
Start importing Assets/Arts/enemy_health_bar_001.png using Guid(2e4358df7a043154795ca6582371f21d) Importer(815301076,1909f56bfc062723c751e8b465ee728b)  -> (artifact id: '787e19e71c6a717e985c51994d25f4c1') in 0.055425 seconds 
========================================================================
Received Import Request.
  Time since last request: 0.000255 seconds.
  path: Assets/Arts/enemy_health_bar_background_001.png
  artifactKey: Guid(dcc44c8c2399a6746af7ae218ecdefe9) Importer(815301076,1909f56bfc062723c751e8b465ee728b)
Start importing Assets/Arts/enemy_health_bar_background_001.png using Guid(dcc44c8c2399a6746af7ae218ecdefe9) Importer(815301076,1909f56bfc062723c751e8b465ee728b)  -> (artifact id: 'f562b612319b337809fbc8db949ad4ee') in 0.112792 seconds 
========================================================================
Received Import Request.
  Time since last request: 0.000060 seconds.
  path: Assets/Arts/enemy_health_bar_foreground_005.png
  artifactKey: Guid(8f023a675b73747449b1050c55310c22) Importer(815301076,1909f56bfc062723c751e8b465ee728b)
Start importing Assets/Arts/enemy_health_bar_foreground_005.png using Guid(8f023a675b73747449b1050c55310c22) Importer(815301076,1909f56bfc062723c751e8b465ee728b)  -> (artifact id: 'ca7ca120bf74ae599c3c21dbe33dbe60') in 0.043375 seconds 
========================================================================
Received Import Request.
  Time since last request: 96.963123 seconds.
  path: Assets/Arts/enemy_health_bar_001.png
  artifactKey: Guid(2e4358df7a043154795ca6582371f21d) Importer(815301076,1909f56bfc062723c751e8b465ee728b)
Start importing Assets/Arts/enemy_health_bar_001.png using Guid(2e4358df7a043154795ca6582371f21d) Importer(815301076,1909f56bfc062723c751e8b465ee728b)  -> (artifact id: 'fddb218f7decf8363ac5fa8bb44f728e') in 0.018783 seconds 
========================================================================
Received Import Request.
  Time since last request: 0.051927 seconds.
  path: Assets/Arts/enemy_health_bar_background_001.png
  artifactKey: Guid(dcc44c8c2399a6746af7ae218ecdefe9) Importer(815301076,1909f56bfc062723c751e8b465ee728b)
Start importing Assets/Arts/enemy_health_bar_background_001.png using Guid(dcc44c8c2399a6746af7ae218ecdefe9) Importer(815301076,1909f56bfc062723c751e8b465ee728b)  -> (artifact id: 'c0676278036a77ff1a310d6f25537508') in 0.045622 seconds 
========================================================================
Received Import Request.
  Time since last request: 0.000057 seconds.
  path: Assets/Arts/enemy_health_bar_foreground_005.png
  artifactKey: Guid(8f023a675b73747449b1050c55310c22) Importer(815301076,1909f56bfc062723c751e8b465ee728b)
Start importing Assets/Arts/enemy_health_bar_foreground_005.png using Guid(8f023a675b73747449b1050c55310c22) Importer(815301076,1909f56bfc062723c751e8b465ee728b)  -> (artifact id: 'e36caf4c9ba3382da8206fd26fe5894e') in 0.015620 seconds 
========================================================================
Received Import Request.
  Time since last request: 18.474668 seconds.
  path: Assets/Scenes/Battle.unity
  artifactKey: Guid(9fc0d4010bbf28b4594072e72b8655ab) Importer(815301076,1909f56bfc062723c751e8b465ee728b)
Start importing Assets/Scenes/Battle.unity using Guid(9fc0d4010bbf28b4594072e72b8655ab) Importer(815301076,1909f56bfc062723c751e8b465ee728b)  -> (artifact id: '98ba9deaad7734e9f9efed2553152f09') in 0.018274 seconds 
========================================================================
Received Import Request.
  Time since last request: 202.229477 seconds.
  path: Assets/Arts/enemy_health_bar_background_001.png
  artifactKey: Guid(dcc44c8c2399a6746af7ae218ecdefe9) Importer(815301076,1909f56bfc062723c751e8b465ee728b)
Start importing Assets/Arts/enemy_health_bar_background_001.png using Guid(dcc44c8c2399a6746af7ae218ecdefe9) Importer(815301076,1909f56bfc062723c751e8b465ee728b)  -> (artifact id: 'f3285d07c86c0a7f78a1d262cc445fd4') in 0.325286 seconds 
========================================================================
Received Import Request.
  Time since last request: 63.722561 seconds.
  path: Assets/Arts/enemy_health_bar_001.png
  artifactKey: Guid(2e4358df7a043154795ca6582371f21d) Importer(815301076,1909f56bfc062723c751e8b465ee728b)
Start importing Assets/Arts/enemy_health_bar_001.png using Guid(2e4358df7a043154795ca6582371f21d) Importer(815301076,1909f56bfc062723c751e8b465ee728b)  -> (artifact id: '045b9bda69d714ce6e5354e4e23291d1') in 0.048069 seconds 
========================================================================
Received Import Request.
  Time since last request: 40.534057 seconds.
  path: Assets/Arts/enemy_health_bar_foreground_005.png
  artifactKey: Guid(8f023a675b73747449b1050c55310c22) Importer(815301076,1909f56bfc062723c751e8b465ee728b)
Start importing Assets/Arts/enemy_health_bar_foreground_005.png using Guid(8f023a675b73747449b1050c55310c22) Importer(815301076,1909f56bfc062723c751e8b465ee728b)  -> (artifact id: 'fa7722649196142bbd2f328618780074') in 0.039354 seconds 
========================================================================
Received Prepare
Registering precompiled user dll's ...
Registered in 0.015196 seconds.
Begin MonoManager ReloadAssembly
Symbol file LoadedFromMemory doesn't match image C:\Users\Medatsu\Documents\Rock Paper Scissor\Library\PackageCache\com.unity.visualscripting@1.7.8\Editor\VisualScripting.Core\Dependencies\YamlDotNet\Unity.VisualScripting.YamlDotNet.dll
Symbol file LoadedFromMemory doesn't match image C:\Users\Medatsu\Documents\Rock Paper Scissor\Library\PackageCache\com.unity.visualscripting@1.7.8\Editor\VisualScripting.Core\Dependencies\DotNetZip\Unity.VisualScripting.IonicZip.dll
Native extension for WindowsStandalone target not found
Native extension for Android target not found
Refreshing native plugins compatible for Editor in 2.44 ms, found 3 plugins.
Preloading 0 native plugins for Editor in 0.00 ms.
Mono: successfully reloaded assembly
- Completed reload, in 14.828 seconds
Domain Reload Profiling:
	ReloadAssembly (14850ms)
		BeginReloadAssembly (2763ms)
			ExecutionOrderSort (0ms)
			DisableScriptedObjects (160ms)
			BackupInstance (0ms)
			ReleaseScriptingObjects (0ms)
			CreateAndSetChildDomain (982ms)
		EndReloadAssembly (11199ms)
			LoadAssemblies (3849ms)
			RebuildTransferFunctionScriptingTraits (1ms)
			SetupTypeCache (3099ms)
			ReleaseScriptCaches (11ms)
			RebuildScriptCaches (844ms)
			SetupLoadedEditorAssemblies (2743ms)
				LogAssemblyErrors (0ms)
				InitializePlatformSupportModulesInManaged (244ms)
				SetLoadedEditorAssemblies (6ms)
				RefreshPlugins (3ms)
				BeforeProcessingInitializeOnLoad (769ms)
				ProcessInitializeOnLoadAttributes (1436ms)
				ProcessInitializeOnLoadMethodAttributes (228ms)
				AfterProcessingInitializeOnLoad (56ms)
				EditorAssembliesLoaded (1ms)
			ExecutionOrderSort2 (0ms)
			AwakeInstancesAfterBackupRestoration (23ms)
Platform modules already initialized, skipping
Refreshing native plugins compatible for Editor in 66.58 ms, found 3 plugins.
Preloading 0 native plugins for Editor in 0.00 ms.
Unloading 3413 Unused Serialized files (Serialized files now loaded: 0)
Unloading 22 unused Assets / (80.2 KB). Loaded Objects now: 3954.
Memory consumption went from 123.0 MB to 122.9 MB.
Total: 49.194400 ms (FindLiveObjects: 2.581900 ms CreateObjectMapping: 1.048000 ms MarkObjects: 44.154400 ms  DeleteObjects: 1.406500 ms)

AssetImportParameters requested are different than current active one (requested -> active):
  custom:video-decoder-ogg-theora: a1e56fd34408186e4bbccfd4996cb3dc -> 
  custom:container-muxer-webm: aa71ff27fc2769a1b78a27578f13a17b -> 
  custom:container-demuxer-webm: 4f35f7cbe854078d1ac9338744f61a02 -> 
  custom:video-encoder-webm-vp8: eb34c28f22e8b96e1ab97ce403110664 -> 
  custom:audio-encoder-webm-vorbis: bf7c407c2cedff20999df2af8eb42d56 -> 
  custom:framework-win-MediaFoundation: 216162199b28c13a410421893ffa2e32 -> 
  custom:container-demuxer-ogg: 62fdf1f143b41e24485cea50d1cbac27 -> 
  custom:video-decoder-webm-vp8: 9c59270c3fd7afecdb556c50c9e8de78 -> 
  custom:audio-decoder-ogg-vorbis: bf7c407c2cedff20999df2af8eb42d56 -> 
========================================================================
Received Import Request.
  Time since last request: 631.501126 seconds.
  path: Assets/Arts/FB_IMG_1594899022321.jpg
  artifactKey: Guid(5bb67ce0330fb0d4a8eace69217b3565) Importer(815301076,1909f56bfc062723c751e8b465ee728b)
Start importing Assets/Arts/FB_IMG_1594899022321.jpg using Guid(5bb67ce0330fb0d4a8eace69217b3565) Importer(815301076,1909f56bfc062723c751e8b465ee728b)  -> (artifact id: 'd0336cf2525e3f8ed4b0691df7da37cb') in 0.403191 seconds 
========================================================================
Received Import Request.
  Time since last request: 0.000091 seconds.
  path: Assets/Arts/FB_IMG_1594899048789.jpg
  artifactKey: Guid(ce478c3e3a78c1f47a1b9ca772b6673c) Importer(815301076,1909f56bfc062723c751e8b465ee728b)
Start importing Assets/Arts/FB_IMG_1594899048789.jpg using Guid(ce478c3e3a78c1f47a1b9ca772b6673c) Importer(815301076,1909f56bfc062723c751e8b465ee728b)  -> (artifact id: '2382462578e07a957cc25ef124dfcc6f') in 0.676262 seconds 
========================================================================
Received Import Request.
  Time since last request: 0.000145 seconds.
  path: Assets/Arts/FB_IMG_1594899043079.jpg
  artifactKey: Guid(7e09d7e7075810944b458b4398454476) Importer(815301076,1909f56bfc062723c751e8b465ee728b)
Start importing Assets/Arts/FB_IMG_1594899043079.jpg using Guid(7e09d7e7075810944b458b4398454476) Importer(815301076,1909f56bfc062723c751e8b465ee728b)  -> (artifact id: 'fac006045e28e768bbbcee5ac3c39c22') in 0.049964 seconds 
========================================================================
Received Import Request.
  Time since last request: 0.000219 seconds.
  path: Assets/Arts/FB_IMG_1594899027506.jpg
  artifactKey: Guid(84f95edf9725d324da8336ef89ce5ee7) Importer(815301076,1909f56bfc062723c751e8b465ee728b)
Start importing Assets/Arts/FB_IMG_1594899027506.jpg using Guid(84f95edf9725d324da8336ef89ce5ee7) Importer(815301076,1909f56bfc062723c751e8b465ee728b)  -> (artifact id: 'fec4f254af23367703e4026741471f03') in 0.040050 seconds 
========================================================================
Received Import Request.
  Time since last request: 0.000089 seconds.
  path: Assets/Arts/FB_IMG_1594899035504.jpg
  artifactKey: Guid(7268480c80e0ba0498c20dbd3e775eff) Importer(815301076,1909f56bfc062723c751e8b465ee728b)
Start importing Assets/Arts/FB_IMG_1594899035504.jpg using Guid(7268480c80e0ba0498c20dbd3e775eff) Importer(815301076,1909f56bfc062723c751e8b465ee728b)  -> (artifact id: '155216179327967547cc60399188b58b') in 0.100102 seconds 
========================================================================
Received Import Request.
  Time since last request: 0.000048 seconds.
  path: Assets/Arts/FB_IMG_1594899046454.jpg
  artifactKey: Guid(2e5b55ab9c756d74fa0e24e20e9b570f) Importer(815301076,1909f56bfc062723c751e8b465ee728b)
Start importing Assets/Arts/FB_IMG_1594899046454.jpg using Guid(2e5b55ab9c756d74fa0e24e20e9b570f) Importer(815301076,1909f56bfc062723c751e8b465ee728b)  -> (artifact id: '20e8c61d2009567678d7bdab74d5a7f6') in 0.044601 seconds 
========================================================================
Received Import Request.
  Time since last request: 5.015332 seconds.
  path: Assets/Arts/FB_IMG_1594899022321.jpg
  artifactKey: Guid(5bb67ce0330fb0d4a8eace69217b3565) Importer(815301076,1909f56bfc062723c751e8b465ee728b)
Start importing Assets/Arts/FB_IMG_1594899022321.jpg using Guid(5bb67ce0330fb0d4a8eace69217b3565) Importer(815301076,1909f56bfc062723c751e8b465ee728b)  -> (artifact id: '504078c0eded8ad9db0b17911198997d') in 0.106270 seconds 
========================================================================
Received Import Request.
  Time since last request: 0.000282 seconds.
  path: Assets/Arts/FB_IMG_1594899048789.jpg
  artifactKey: Guid(ce478c3e3a78c1f47a1b9ca772b6673c) Importer(815301076,1909f56bfc062723c751e8b465ee728b)
Start importing Assets/Arts/FB_IMG_1594899048789.jpg using Guid(ce478c3e3a78c1f47a1b9ca772b6673c) Importer(815301076,1909f56bfc062723c751e8b465ee728b)  -> (artifact id: '5628dd53ad71ef86af3ad701f10c7275') in 0.112598 seconds 
========================================================================
Received Import Request.
  Time since last request: 0.000087 seconds.
  path: Assets/Arts/FB_IMG_1594899043079.jpg
  artifactKey: Guid(7e09d7e7075810944b458b4398454476) Importer(815301076,1909f56bfc062723c751e8b465ee728b)
Start importing Assets/Arts/FB_IMG_1594899043079.jpg using Guid(7e09d7e7075810944b458b4398454476) Importer(815301076,1909f56bfc062723c751e8b465ee728b)  -> (artifact id: '525dc0d86ed0eb3a9d50303c7f3216b1') in 0.034765 seconds 
========================================================================
Received Import Request.
  Time since last request: 0.000597 seconds.
  path: Assets/Arts/FB_IMG_1594899027506.jpg
  artifactKey: Guid(84f95edf9725d324da8336ef89ce5ee7) Importer(815301076,1909f56bfc062723c751e8b465ee728b)
Start importing Assets/Arts/FB_IMG_1594899027506.jpg using Guid(84f95edf9725d324da8336ef89ce5ee7) Importer(815301076,1909f56bfc062723c751e8b465ee728b)  -> (artifact id: 'b20e4c5b190f6437e7707badb0bc867b') in 0.294341 seconds 
========================================================================
Received Import Request.
  Time since last request: 0.000172 seconds.
  path: Assets/Arts/FB_IMG_1594899035504.jpg
  artifactKey: Guid(7268480c80e0ba0498c20dbd3e775eff) Importer(815301076,1909f56bfc062723c751e8b465ee728b)
Start importing Assets/Arts/FB_IMG_1594899035504.jpg using Guid(7268480c80e0ba0498c20dbd3e775eff) Importer(815301076,1909f56bfc062723c751e8b465ee728b)  -> (artifact id: 'c7cbf731496be24acbc0e46ca2bd3fac') in 0.121164 seconds 
========================================================================
Received Import Request.
  Time since last request: 0.000232 seconds.
  path: Assets/Arts/FB_IMG_1594899046454.jpg
  artifactKey: Guid(2e5b55ab9c756d74fa0e24e20e9b570f) Importer(815301076,1909f56bfc062723c751e8b465ee728b)
Start importing Assets/Arts/FB_IMG_1594899046454.jpg using Guid(2e5b55ab9c756d74fa0e24e20e9b570f) Importer(815301076,1909f56bfc062723c751e8b465ee728b)  -> (artifact id: '0fe35c38276c9716d65e68ae718676a8') in 0.030976 seconds 
========================================================================
Received Import Request.
  Time since last request: 15.875349 seconds.
  path: Assets/Arts/FB_IMG_1594899022321.jpg
  artifactKey: Guid(5bb67ce0330fb0d4a8eace69217b3565) Importer(815301076,1909f56bfc062723c751e8b465ee728b)
Start importing Assets/Arts/FB_IMG_1594899022321.jpg using Guid(5bb67ce0330fb0d4a8eace69217b3565) Importer(815301076,1909f56bfc062723c751e8b465ee728b)  -> (artifact id: 'e922fcb451072d09e15aec4d3eda6c29') in 0.317604 seconds 
========================================================================
Received Import Request.
  Time since last request: 21.057171 seconds.
  path: Assets/Arts/FB_IMG_1594899027506.jpg
  artifactKey: Guid(84f95edf9725d324da8336ef89ce5ee7) Importer(815301076,1909f56bfc062723c751e8b465ee728b)
Start importing Assets/Arts/FB_IMG_1594899027506.jpg using Guid(84f95edf9725d324da8336ef89ce5ee7) Importer(815301076,1909f56bfc062723c751e8b465ee728b)  -> (artifact id: '87847a5bf70cf26e51ac8c03eddcfe37') in 0.188718 seconds 
========================================================================
Received Import Request.
  Time since last request: 15.066351 seconds.
  path: Assets/Arts/FB_IMG_1594899043079.jpg
  artifactKey: Guid(7e09d7e7075810944b458b4398454476) Importer(815301076,1909f56bfc062723c751e8b465ee728b)
Start importing Assets/Arts/FB_IMG_1594899043079.jpg using Guid(7e09d7e7075810944b458b4398454476) Importer(815301076,1909f56bfc062723c751e8b465ee728b)  -> (artifact id: '9afc3b9e0272dcf815af7d45bfb90543') in 0.138983 seconds 
========================================================================
Received Import Request.
  Time since last request: 46.054062 seconds.
  path: Assets/Arts/FB_IMG_1594899046454.jpg
  artifactKey: Guid(2e5b55ab9c756d74fa0e24e20e9b570f) Importer(815301076,1909f56bfc062723c751e8b465ee728b)
Start importing Assets/Arts/FB_IMG_1594899046454.jpg using Guid(2e5b55ab9c756d74fa0e24e20e9b570f) Importer(815301076,1909f56bfc062723c751e8b465ee728b)  -> (artifact id: '23b8fedfbd2b2f7651fc82391c63d879') in 0.407009 seconds 
========================================================================
Received Import Request.
  Time since last request: 26.352973 seconds.
  path: Assets/Arts/FB_IMG_1594899048789.jpg
  artifactKey: Guid(ce478c3e3a78c1f47a1b9ca772b6673c) Importer(815301076,1909f56bfc062723c751e8b465ee728b)
Start importing Assets/Arts/FB_IMG_1594899048789.jpg using Guid(ce478c3e3a78c1f47a1b9ca772b6673c) Importer(815301076,1909f56bfc062723c751e8b465ee728b)  -> (artifact id: '65b107378083f794565fe9d6fdcadfdf') in 0.215141 seconds 
========================================================================
Received Import Request.
  Time since last request: 15.415911 seconds.
  path: Assets/Arts/FB_IMG_1594899035504.jpg
  artifactKey: Guid(7268480c80e0ba0498c20dbd3e775eff) Importer(815301076,1909f56bfc062723c751e8b465ee728b)
Start importing Assets/Arts/FB_IMG_1594899035504.jpg using Guid(7268480c80e0ba0498c20dbd3e775eff) Importer(815301076,1909f56bfc062723c751e8b465ee728b)  -> (artifact id: 'b6c0fe0601339cdcd032dff581816152') in 0.124080 seconds 
========================================================================
Received Import Request.
  Time since last request: 809.292604 seconds.
  path: Assets/Scenes/Main.unity
  artifactKey: Guid(d3e83f5f570e7044b881b9bc84620683) Importer(815301076,1909f56bfc062723c751e8b465ee728b)
Start importing Assets/Scenes/Main.unity using Guid(d3e83f5f570e7044b881b9bc84620683) Importer(815301076,1909f56bfc062723c751e8b465ee728b)  -> (artifact id: 'c0de497793cb91f19e5b06e8515fb70a') in 0.050841 seconds 
========================================================================
Received Import Request.
  Time since last request: 8.673300 seconds.
  path: Assets/Scenes/Battle.unity
  artifactKey: Guid(9fc0d4010bbf28b4594072e72b8655ab) Importer(815301076,1909f56bfc062723c751e8b465ee728b)
Start importing Assets/Scenes/Battle.unity using Guid(9fc0d4010bbf28b4594072e72b8655ab) Importer(815301076,1909f56bfc062723c751e8b465ee728b)  -> (artifact id: 'a32b7c0102c5718a6b8c7f040ff5b2e8') in 0.026993 seconds 
========================================================================
Received Prepare
Refreshing native plugins compatible for Editor in 50.01 ms, found 3 plugins.
Preloading 0 native plugins for Editor in 0.00 ms.
Unloading 22 Unused Serialized files (Serialized files now loaded: 0)
Unloading 22 unused Assets / (77.5 KB). Loaded Objects now: 3955.
Memory consumption went from 55.3 MB to 55.3 MB.
Total: 523.716000 ms (FindLiveObjects: 2.621400 ms CreateObjectMapping: 0.391700 ms MarkObjects: 519.091800 ms  DeleteObjects: 1.608500 ms)

AssetImportParameters requested are different than current active one (requested -> active):
  custom:video-decoder-ogg-theora: a1e56fd34408186e4bbccfd4996cb3dc -> 
  custom:container-muxer-webm: aa71ff27fc2769a1b78a27578f13a17b -> 
  custom:container-demuxer-webm: 4f35f7cbe854078d1ac9338744f61a02 -> 
  custom:video-encoder-webm-vp8: eb34c28f22e8b96e1ab97ce403110664 -> 
  custom:audio-encoder-webm-vorbis: bf7c407c2cedff20999df2af8eb42d56 -> 
  custom:framework-win-MediaFoundation: 216162199b28c13a410421893ffa2e32 -> 
  custom:container-demuxer-ogg: 62fdf1f143b41e24485cea50d1cbac27 -> 
  custom:video-decoder-webm-vp8: 9c59270c3fd7afecdb556c50c9e8de78 -> 
  custom:audio-decoder-ogg-vorbis: bf7c407c2cedff20999df2af8eb42d56 -> 
========================================================================
Received Prepare
Refreshing native plugins compatible for Editor in 17.11 ms, found 3 plugins.
Preloading 0 native plugins for Editor in 0.00 ms.
Unloading 22 Unused Serialized files (Serialized files now loaded: 0)
Unloading 22 unused Assets / (77.6 KB). Loaded Objects now: 3955.
Memory consumption went from 55.3 MB to 55.3 MB.
Total: 8.684800 ms (FindLiveObjects: 0.397700 ms CreateObjectMapping: 0.214200 ms MarkObjects: 7.297900 ms  DeleteObjects: 0.773200 ms)

AssetImportParameters requested are different than current active one (requested -> active):
  custom:video-decoder-ogg-theora: a1e56fd34408186e4bbccfd4996cb3dc -> 
  custom:container-muxer-webm: aa71ff27fc2769a1b78a27578f13a17b -> 
  custom:container-demuxer-webm: 4f35f7cbe854078d1ac9338744f61a02 -> 
  custom:video-encoder-webm-vp8: eb34c28f22e8b96e1ab97ce403110664 -> 
  custom:audio-encoder-webm-vorbis: bf7c407c2cedff20999df2af8eb42d56 -> 
  custom:framework-win-MediaFoundation: 216162199b28c13a410421893ffa2e32 -> 
  custom:container-demuxer-ogg: 62fdf1f143b41e24485cea50d1cbac27 -> 
  custom:video-decoder-webm-vp8: 9c59270c3fd7afecdb556c50c9e8de78 -> 
  custom:audio-decoder-ogg-vorbis: bf7c407c2cedff20999df2af8eb42d56 -> 
========================================================================
Received Prepare
Refreshing native plugins compatible for Editor in 67.04 ms, found 3 plugins.
Preloading 0 native plugins for Editor in 0.00 ms.
Unloading 22 Unused Serialized files (Serialized files now loaded: 0)
Unloading 22 unused Assets / (77.4 KB). Loaded Objects now: 3955.
Memory consumption went from 55.3 MB to 55.3 MB.
Total: 21.460400 ms (FindLiveObjects: 0.574900 ms CreateObjectMapping: 0.495900 ms MarkObjects: 20.159000 ms  DeleteObjects: 0.228900 ms)

AssetImportParameters requested are different than current active one (requested -> active):
  custom:video-decoder-ogg-theora: a1e56fd34408186e4bbccfd4996cb3dc -> 
  custom:container-muxer-webm: aa71ff27fc2769a1b78a27578f13a17b -> 
  custom:container-demuxer-webm: 4f35f7cbe854078d1ac9338744f61a02 -> 
  custom:video-encoder-webm-vp8: eb34c28f22e8b96e1ab97ce403110664 -> 
  custom:audio-encoder-webm-vorbis: bf7c407c2cedff20999df2af8eb42d56 -> 
  custom:framework-win-MediaFoundation: 216162199b28c13a410421893ffa2e32 -> 
  custom:container-demuxer-ogg: 62fdf1f143b41e24485cea50d1cbac27 -> 
  custom:video-decoder-webm-vp8: 9c59270c3fd7afecdb556c50c9e8de78 -> 
  custom:audio-decoder-ogg-vorbis: bf7c407c2cedff20999df2af8eb42d56 -> 
========================================================================
Received Prepare
Registering precompiled user dll's ...
Registered in 0.055863 seconds.
Begin MonoManager ReloadAssembly
Symbol file LoadedFromMemory doesn't match image C:\Users\Medatsu\Documents\Rock Paper Scissor\Library\PackageCache\com.unity.visualscripting@1.7.8\Editor\VisualScripting.Core\Dependencies\YamlDotNet\Unity.VisualScripting.YamlDotNet.dll
Symbol file LoadedFromMemory doesn't match image C:\Users\Medatsu\Documents\Rock Paper Scissor\Library\PackageCache\com.unity.visualscripting@1.7.8\Editor\VisualScripting.Core\Dependencies\DotNetZip\Unity.VisualScripting.IonicZip.dll
Native extension for WindowsStandalone target not found
Native extension for Android target not found
Refreshing native plugins compatible for Editor in 1.28 ms, found 3 plugins.
Preloading 0 native plugins for Editor in 0.00 ms.
Mono: successfully reloaded assembly
- Completed reload, in  4.237 seconds
Domain Reload Profiling:
	ReloadAssembly (4251ms)
		BeginReloadAssembly (1782ms)
			ExecutionOrderSort (0ms)
			DisableScriptedObjects (115ms)
			BackupInstance (0ms)
			ReleaseScriptingObjects (0ms)
			CreateAndSetChildDomain (817ms)
		EndReloadAssembly (2253ms)
			LoadAssemblies (575ms)
			RebuildTransferFunctionScriptingTraits (1ms)
			SetupTypeCache (1074ms)
			ReleaseScriptCaches (3ms)
			RebuildScriptCaches (85ms)
			SetupLoadedEditorAssemblies (654ms)
				LogAssemblyErrors (0ms)
				InitializePlatformSupportModulesInManaged (44ms)
				SetLoadedEditorAssemblies (3ms)
				RefreshPlugins (1ms)
				BeforeProcessingInitializeOnLoad (154ms)
				ProcessInitializeOnLoadAttributes (397ms)
				ProcessInitializeOnLoadMethodAttributes (43ms)
				AfterProcessingInitializeOnLoad (10ms)
				EditorAssembliesLoaded (0ms)
			ExecutionOrderSort2 (0ms)
			AwakeInstancesAfterBackupRestoration (8ms)
Platform modules already initialized, skipping
Refreshing native plugins compatible for Editor in 14.16 ms, found 3 plugins.
Preloading 0 native plugins for Editor in 0.00 ms.
Unloading 3413 Unused Serialized files (Serialized files now loaded: 0)
Unloading 22 unused Assets / (80.2 KB). Loaded Objects now: 3957.
Memory consumption went from 123.0 MB to 122.9 MB.
Total: 10.669000 ms (FindLiveObjects: 0.493800 ms CreateObjectMapping: 0.363700 ms MarkObjects: 9.259900 ms  DeleteObjects: 0.549300 ms)

AssetImportParameters requested are different than current active one (requested -> active):
  custom:video-decoder-ogg-theora: a1e56fd34408186e4bbccfd4996cb3dc -> 
  custom:container-muxer-webm: aa71ff27fc2769a1b78a27578f13a17b -> 
  custom:container-demuxer-webm: 4f35f7cbe854078d1ac9338744f61a02 -> 
  custom:video-encoder-webm-vp8: eb34c28f22e8b96e1ab97ce403110664 -> 
  custom:audio-encoder-webm-vorbis: bf7c407c2cedff20999df2af8eb42d56 -> 
  custom:framework-win-MediaFoundation: 216162199b28c13a410421893ffa2e32 -> 
  custom:container-demuxer-ogg: 62fdf1f143b41e24485cea50d1cbac27 -> 
  custom:video-decoder-webm-vp8: 9c59270c3fd7afecdb556c50c9e8de78 -> 
  custom:audio-decoder-ogg-vorbis: bf7c407c2cedff20999df2af8eb42d56 -> 
========================================================================
Received Prepare
Refreshing native plugins compatible for Editor in 28.22 ms, found 3 plugins.
Preloading 0 native plugins for Editor in 0.00 ms.
Unloading 22 Unused Serialized files (Serialized files now loaded: 0)
Unloading 22 unused Assets / (77.6 KB). Loaded Objects now: 3957.
Memory consumption went from 55.1 MB to 55.1 MB.
Total: 8.746400 ms (FindLiveObjects: 0.558200 ms CreateObjectMapping: 0.249700 ms MarkObjects: 7.512200 ms  DeleteObjects: 0.424300 ms)

AssetImportParameters requested are different than current active one (requested -> active):
  custom:video-decoder-ogg-theora: a1e56fd34408186e4bbccfd4996cb3dc -> 
  custom:container-muxer-webm: aa71ff27fc2769a1b78a27578f13a17b -> 
  custom:container-demuxer-webm: 4f35f7cbe854078d1ac9338744f61a02 -> 
  custom:video-encoder-webm-vp8: eb34c28f22e8b96e1ab97ce403110664 -> 
  custom:audio-encoder-webm-vorbis: bf7c407c2cedff20999df2af8eb42d56 -> 
  custom:framework-win-MediaFoundation: 216162199b28c13a410421893ffa2e32 -> 
  custom:container-demuxer-ogg: 62fdf1f143b41e24485cea50d1cbac27 -> 
  custom:video-decoder-webm-vp8: 9c59270c3fd7afecdb556c50c9e8de78 -> 
  custom:audio-decoder-ogg-vorbis: bf7c407c2cedff20999df2af8eb42d56 -> 
========================================================================
Received Prepare
Refreshing native plugins compatible for Editor in 38.93 ms, found 3 plugins.
Preloading 0 native plugins for Editor in 0.00 ms.
Unloading 22 Unused Serialized files (Serialized files now loaded: 0)
Unloading 22 unused Assets / (77.6 KB). Loaded Objects now: 3957.
Memory consumption went from 55.1 MB to 55.1 MB.
Total: 69.179000 ms (FindLiveObjects: 1.889800 ms CreateObjectMapping: 0.213300 ms MarkObjects: 66.704300 ms  DeleteObjects: 0.369900 ms)

AssetImportParameters requested are different than current active one (requested -> active):
  custom:video-decoder-ogg-theora: a1e56fd34408186e4bbccfd4996cb3dc -> 
  custom:container-muxer-webm: aa71ff27fc2769a1b78a27578f13a17b -> 
  custom:container-demuxer-webm: 4f35f7cbe854078d1ac9338744f61a02 -> 
  custom:video-encoder-webm-vp8: eb34c28f22e8b96e1ab97ce403110664 -> 
  custom:audio-encoder-webm-vorbis: bf7c407c2cedff20999df2af8eb42d56 -> 
  custom:framework-win-MediaFoundation: 216162199b28c13a410421893ffa2e32 -> 
  custom:container-demuxer-ogg: 62fdf1f143b41e24485cea50d1cbac27 -> 
  custom:video-decoder-webm-vp8: 9c59270c3fd7afecdb556c50c9e8de78 -> 
  custom:audio-decoder-ogg-vorbis: bf7c407c2cedff20999df2af8eb42d56 -> 
